\BOOKMARK [0][-]{chapter.1}{\376\377\0001\000\040\000F\000i\000l\000e\000\040\000I\000n\000d\000e\000x}{}% 1
\BOOKMARK [1][-]{section.1.1}{\376\377\0001\000.\0001\000\040\000F\000i\000l\000e\000\040\000L\000i\000s\000t}{chapter.1}% 2
\BOOKMARK [0][-]{chapter.2}{\376\377\0002\000\040\000F\000i\000l\000e\000\040\000D\000o\000c\000u\000m\000e\000n\000t\000a\000t\000i\000o\000n}{}% 3
\BOOKMARK [1][-]{section.2.1}{\376\377\0002\000.\0001\000\040\000C\000:\000/\000U\000s\000e\000r\000s\000/\000A\000d\000m\000i\000n\000i\000s\000t\000r\000a\000t\000o\000r\000/\000s\000o\000u\000r\000c\000e\000/\000r\000e\000p\000o\000s\000/\0009\0005\0002\000b\000f\0007\000e\0007\000-\000g\000r\0003\0001\000-\000r\000e\000p\000o\000/\000p\000r\000o\000j\000e\000k\000t\000/\000P\000r\000o\000j\000e\000k\000t\000\040\000Z\000a\000l\000i\000c\000z\000e\000n\000i\000o\000w\000y\000/\000P\000r\000o\000j\000e\000k\000t\000\040\000Z\000a\000l\000i\000c\000z\000e\000n\000i\000o\000w\000y\000/\000e\000x\000p\000o\000r\000t\000e\000r\000.\000h\000\040\000F\000i\000l\000e\000\040\000R\000e\000f\000e\000r\000e\000n\000c\000e}{chapter.2}% 4
\BOOKMARK [2][-]{subsection.2.1.1}{\376\377\0002\000.\0001\000.\0001\000\040\000D\000e\000t\000a\000i\000l\000e\000d\000\040\000D\000e\000s\000c\000r\000i\000p\000t\000i\000o\000n}{section.2.1}% 5
\BOOKMARK [2][-]{subsection.2.1.2}{\376\377\0002\000.\0001\000.\0002\000\040\000F\000u\000n\000c\000t\000i\000o\000n\000\040\000D\000o\000c\000u\000m\000e\000n\000t\000a\000t\000i\000o\000n}{section.2.1}% 6
\BOOKMARK [3][-]{subsubsection.2.1.2.1}{\376\377\0002\000.\0001\000.\0002\000.\0001\000\040\000e\000x\000p\000o\000r\000t\000C\000l\000u\000s\000t\000e\000r\000e\000d\000\050\000\051}{subsection.2.1.2}% 7
\BOOKMARK [3][-]{subsubsection.2.1.2.2}{\376\377\0002\000.\0001\000.\0002\000.\0002\000\040\000e\000x\000p\000o\000r\000t\000D\000a\000t\000a\000\050\000\051}{subsection.2.1.2}% 8
\BOOKMARK [3][-]{subsubsection.2.1.2.3}{\376\377\0002\000.\0001\000.\0002\000.\0003\000\040\000e\000x\000p\000o\000r\000t\000F\000i\000l\000e\000\050\000\051}{subsection.2.1.2}% 9
\BOOKMARK [3][-]{subsubsection.2.1.2.4}{\376\377\0002\000.\0001\000.\0002\000.\0004\000\040\000e\000x\000p\000o\000r\000t\000V\000e\000c\000t\000o\000r\000\050\000\051}{subsection.2.1.2}% 10
\BOOKMARK [1][-]{section.2.2}{\376\377\0002\000.\0002\000\040\000e\000x\000p\000o\000r\000t\000e\000r\000.\000h}{chapter.2}% 11
\BOOKMARK [1][-]{section.2.3}{\376\377\0002\000.\0003\000\040\000C\000:\000/\000U\000s\000e\000r\000s\000/\000A\000d\000m\000i\000n\000i\000s\000t\000r\000a\000t\000o\000r\000/\000s\000o\000u\000r\000c\000e\000/\000r\000e\000p\000o\000s\000/\0009\0005\0002\000b\000f\0007\000e\0007\000-\000g\000r\0003\0001\000-\000r\000e\000p\000o\000/\000p\000r\000o\000j\000e\000k\000t\000/\000P\000r\000o\000j\000e\000k\000t\000\040\000Z\000a\000l\000i\000c\000z\000e\000n\000i\000o\000w\000y\000/\000P\000r\000o\000j\000e\000k\000t\000\040\000Z\000a\000l\000i\000c\000z\000e\000n\000i\000o\000w\000y\000/\000f\000u\000n\000c\000t\000i\000o\000n\000s\000.\000h\000\040\000F\000i\000l\000e\000\040\000R\000e\000f\000e\000r\000e\000n\000c\000e}{chapter.2}% 12
\BOOKMARK [2][-]{subsection.2.3.1}{\376\377\0002\000.\0003\000.\0001\000\040\000D\000e\000t\000a\000i\000l\000e\000d\000\040\000D\000e\000s\000c\000r\000i\000p\000t\000i\000o\000n}{section.2.3}% 13
\BOOKMARK [2][-]{subsection.2.3.2}{\376\377\0002\000.\0003\000.\0002\000\040\000F\000u\000n\000c\000t\000i\000o\000n\000\040\000D\000o\000c\000u\000m\000e\000n\000t\000a\000t\000i\000o\000n}{section.2.3}% 14
\BOOKMARK [3][-]{subsubsection.2.3.2.1}{\376\377\0002\000.\0003\000.\0002\000.\0001\000\040\000a\000l\000l\000o\000c\000a\000t\000e\000\050\000\051}{subsection.2.3.2}% 15
\BOOKMARK [3][-]{subsubsection.2.3.2.2}{\376\377\0002\000.\0003\000.\0002\000.\0002\000\040\000c\000l\000u\000s\000t\000e\000r\000\050\000\051}{subsection.2.3.2}% 16
\BOOKMARK [3][-]{subsubsection.2.3.2.3}{\376\377\0002\000.\0003\000.\0002\000.\0003\000\040\000d\000i\000s\000t\000a\000n\000c\000e\000\050\000\051}{subsection.2.3.2}% 17
\BOOKMARK [3][-]{subsubsection.2.3.2.4}{\376\377\0002\000.\0003\000.\0002\000.\0004\000\040\000i\000n\000i\000t\000C\000l\000u\000s\000t\000e\000r\000i\000n\000g\000\050\000\051}{subsection.2.3.2}% 18
\BOOKMARK [3][-]{subsubsection.2.3.2.5}{\376\377\0002\000.\0003\000.\0002\000.\0005\000\040\000m\000i\000n\000I\000n\000d\000e\000x\000\050\000\051}{subsection.2.3.2}% 19
\BOOKMARK [3][-]{subsubsection.2.3.2.6}{\376\377\0002\000.\0003\000.\0002\000.\0006\000\040\000n\000o\000r\000m\000a\000l\000i\000z\000e\000d\000\050\000\051}{subsection.2.3.2}% 20
\BOOKMARK [3][-]{subsubsection.2.3.2.7}{\376\377\0002\000.\0003\000.\0002\000.\0007\000\040\000u\000p\000d\000a\000t\000e\000C\000l\000u\000s\000t\000e\000r\000i\000n\000g\000\050\000\051}{subsection.2.3.2}% 21
\BOOKMARK [3][-]{subsubsection.2.3.2.8}{\376\377\0002\000.\0003\000.\0002\000.\0008\000\040\000u\000p\000d\000a\000t\000e\000M\000e\000a\000n\000s\000\050\000\051}{subsection.2.3.2}% 22
\BOOKMARK [1][-]{section.2.4}{\376\377\0002\000.\0004\000\040\000f\000u\000n\000c\000t\000i\000o\000n\000s\000.\000h}{chapter.2}% 23
\BOOKMARK [1][-]{section.2.5}{\376\377\0002\000.\0005\000\040\000C\000:\000/\000U\000s\000e\000r\000s\000/\000A\000d\000m\000i\000n\000i\000s\000t\000r\000a\000t\000o\000r\000/\000s\000o\000u\000r\000c\000e\000/\000r\000e\000p\000o\000s\000/\0009\0005\0002\000b\000f\0007\000e\0007\000-\000g\000r\0003\0001\000-\000r\000e\000p\000o\000/\000p\000r\000o\000j\000e\000k\000t\000/\000P\000r\000o\000j\000e\000k\000t\000\040\000Z\000a\000l\000i\000c\000z\000e\000n\000i\000o\000w\000y\000/\000P\000r\000o\000j\000e\000k\000t\000\040\000Z\000a\000l\000i\000c\000z\000e\000n\000i\000o\000w\000y\000/\000i\000m\000p\000o\000r\000t\000e\000r\000.\000h\000\040\000F\000i\000l\000e\000\040\000R\000e\000f\000e\000r\000e\000n\000c\000e}{chapter.2}% 24
\BOOKMARK [2][-]{subsection.2.5.1}{\376\377\0002\000.\0005\000.\0001\000\040\000D\000e\000t\000a\000i\000l\000e\000d\000\040\000D\000e\000s\000c\000r\000i\000p\000t\000i\000o\000n}{section.2.5}% 25
\BOOKMARK [2][-]{subsection.2.5.2}{\376\377\0002\000.\0005\000.\0002\000\040\000F\000u\000n\000c\000t\000i\000o\000n\000\040\000D\000o\000c\000u\000m\000e\000n\000t\000a\000t\000i\000o\000n}{section.2.5}% 26
\BOOKMARK [3][-]{subsubsection.2.5.2.1}{\376\377\0002\000.\0005\000.\0002\000.\0001\000\040\000r\000e\000a\000d\000F\000i\000l\000e\000\050\000\051}{subsection.2.5.2}% 27
\BOOKMARK [1][-]{section.2.6}{\376\377\0002\000.\0006\000\040\000i\000m\000p\000o\000r\000t\000e\000r\000.\000h}{chapter.2}% 28
\BOOKMARK [1][-]{section.2.7}{\376\377\0002\000.\0007\000\040\000C\000:\000/\000U\000s\000e\000r\000s\000/\000A\000d\000m\000i\000n\000i\000s\000t\000r\000a\000t\000o\000r\000/\000s\000o\000u\000r\000c\000e\000/\000r\000e\000p\000o\000s\000/\0009\0005\0002\000b\000f\0007\000e\0007\000-\000g\000r\0003\0001\000-\000r\000e\000p\000o\000/\000p\000r\000o\000j\000e\000k\000t\000/\000P\000r\000o\000j\000e\000k\000t\000\040\000Z\000a\000l\000i\000c\000z\000e\000n\000i\000o\000w\000y\000/\000P\000r\000o\000j\000e\000k\000t\000\040\000Z\000a\000l\000i\000c\000z\000e\000n\000i\000o\000w\000y\000/\000s\000c\000r\000e\000e\000n\000.\000h\000\040\000F\000i\000l\000e\000\040\000R\000e\000f\000e\000r\000e\000n\000c\000e}{chapter.2}% 29
\BOOKMARK [2][-]{subsection.2.7.1}{\376\377\0002\000.\0007\000.\0001\000\040\000D\000e\000t\000a\000i\000l\000e\000d\000\040\000D\000e\000s\000c\000r\000i\000p\000t\000i\000o\000n}{section.2.7}% 30
\BOOKMARK [2][-]{subsection.2.7.2}{\376\377\0002\000.\0007\000.\0002\000\040\000F\000u\000n\000c\000t\000i\000o\000n\000\040\000D\000o\000c\000u\000m\000e\000n\000t\000a\000t\000i\000o\000n}{section.2.7}% 31
\BOOKMARK [3][-]{subsubsection.2.7.2.1}{\376\377\0002\000.\0007\000.\0002\000.\0001\000\040\000s\000h\000o\000w\000C\000l\000u\000s\000t\000e\000r\000e\000d\000\050\000\051}{subsection.2.7.2}% 32
\BOOKMARK [3][-]{subsubsection.2.7.2.2}{\376\377\0002\000.\0007\000.\0002\000.\0002\000\040\000s\000h\000o\000w\000D\000a\000t\000a\000\050\000\051}{subsection.2.7.2}% 33
\BOOKMARK [3][-]{subsubsection.2.7.2.3}{\376\377\0002\000.\0007\000.\0002\000.\0003\000\040\000s\000h\000o\000w\000E\000x\000c\000e\000p\000t\000i\000o\000n\000\050\000\051}{subsection.2.7.2}% 34
\BOOKMARK [3][-]{subsubsection.2.7.2.4}{\376\377\0002\000.\0007\000.\0002\000.\0004\000\040\000s\000h\000o\000w\000V\000e\000c\000t\000o\000r\000\050\000\051}{subsection.2.7.2}% 35
\BOOKMARK [1][-]{section.2.8}{\376\377\0002\000.\0008\000\040\000s\000c\000r\000e\000e\000n\000.\000h}{chapter.2}% 36
\BOOKMARK [1][-]{section.2.9}{\376\377\0002\000.\0009\000\040\000C\000:\000/\000U\000s\000e\000r\000s\000/\000A\000d\000m\000i\000n\000i\000s\000t\000r\000a\000t\000o\000r\000/\000s\000o\000u\000r\000c\000e\000/\000r\000e\000p\000o\000s\000/\0009\0005\0002\000b\000f\0007\000e\0007\000-\000g\000r\0003\0001\000-\000r\000e\000p\000o\000/\000p\000r\000o\000j\000e\000k\000t\000/\000P\000r\000o\000j\000e\000k\000t\000\040\000Z\000a\000l\000i\000c\000z\000e\000n\000i\000o\000w\000y\000/\000P\000r\000o\000j\000e\000k\000t\000\040\000Z\000a\000l\000i\000c\000z\000e\000n\000i\000o\000w\000y\000/\000v\000a\000l\000i\000d\000a\000t\000o\000r\000.\000h\000\040\000F\000i\000l\000e\000\040\000R\000e\000f\000e\000r\000e\000n\000c\000e}{chapter.2}% 37
\BOOKMARK [2][-]{subsection.2.9.1}{\376\377\0002\000.\0009\000.\0001\000\040\000D\000e\000t\000a\000i\000l\000e\000d\000\040\000D\000e\000s\000c\000r\000i\000p\000t\000i\000o\000n}{section.2.9}% 38
\BOOKMARK [2][-]{subsection.2.9.2}{\376\377\0002\000.\0009\000.\0002\000\040\000F\000u\000n\000c\000t\000i\000o\000n\000\040\000D\000o\000c\000u\000m\000e\000n\000t\000a\000t\000i\000o\000n}{section.2.9}% 39
\BOOKMARK [3][-]{subsubsection.2.9.2.1}{\376\377\0002\000.\0009\000.\0002\000.\0001\000\040\000i\000s\000N\000u\000m\000b\000e\000r\000\050\000\051}{subsection.2.9.2}% 40
\BOOKMARK [3][-]{subsubsection.2.9.2.2}{\376\377\0002\000.\0009\000.\0002\000.\0002\000\040\000v\000a\000l\000i\000d\000a\000t\000e\000A\000r\000g\000u\000m\000e\000n\000t\000s\000\050\000\051}{subsection.2.9.2}% 41
\BOOKMARK [1][-]{section.2.10}{\376\377\0002\000.\0001\0000\000\040\000v\000a\000l\000i\000d\000a\000t\000o\000r\000.\000h}{chapter.2}% 42
\BOOKMARK [0][-]{section*.30}{\376\377\000I\000n\000d\000e\000x}{}% 43
